<?xml version="1.0" encoding="UTF-8"?>
<testsuite xmlns:xsi="http://www.w3.org/2001/XMLSchema-instance" xsi:noNamespaceSchemaLocation="https://maven.apache.org/surefire/maven-surefire-plugin/xsd/surefire-test-report.xsd" version="3.0.1" name="com.focusflow.timer.PomodoroTimerTest" time="3.563" tests="9" errors="0" skipped="0" failures="0">
  <properties>
    <property name="java.specification.version" value="24"/>
    <property name="sun.cpu.isalist" value="amd64"/>
    <property name="sun.jnu.encoding" value="Cp1252"/>
    <property name="java.class.path" value="C:\Users\brisa\OneDrive\Desktop\myapp\target\test-classes;C:\Users\brisa\OneDrive\Desktop\myapp\target\classes;C:\Users\brisa\.m2\repository\org\junit\jupiter\junit-jupiter-api\5.11.0\junit-jupiter-api-5.11.0.jar;C:\Users\brisa\.m2\repository\org\opentest4j\opentest4j\1.3.0\opentest4j-1.3.0.jar;C:\Users\brisa\.m2\repository\org\junit\platform\junit-platform-commons\1.11.0\junit-platform-commons-1.11.0.jar;C:\Users\brisa\.m2\repository\org\apiguardian\apiguardian-api\1.1.2\apiguardian-api-1.1.2.jar;C:\Users\brisa\.m2\repository\org\junit\jupiter\junit-jupiter-params\5.11.0\junit-jupiter-params-5.11.0.jar;C:\Users\brisa\.m2\repository\org\openjfx\javafx-controls\17\javafx-controls-17.jar;C:\Users\brisa\.m2\repository\org\openjfx\javafx-controls\17\javafx-controls-17-win.jar;C:\Users\brisa\.m2\repository\org\openjfx\javafx-graphics\17\javafx-graphics-17.jar;C:\Users\brisa\.m2\repository\org\openjfx\javafx-graphics\17\javafx-graphics-17-win.jar;C:\Users\brisa\.m2\repository\org\openjfx\javafx-base\17\javafx-base-17.jar;C:\Users\brisa\.m2\repository\org\openjfx\javafx-base\17\javafx-base-17-win.jar;C:\Users\brisa\.m2\repository\org\openjfx\javafx-media\17\javafx-media-17.jar;C:\Users\brisa\.m2\repository\org\openjfx\javafx-media\17\javafx-media-17-win.jar;C:\Users\brisa\.m2\repository\org\junit\jupiter\junit-jupiter-engine\5.11.0\junit-jupiter-engine-5.11.0.jar;C:\Users\brisa\.m2\repository\org\junit\platform\junit-platform-engine\1.11.0\junit-platform-engine-1.11.0.jar;"/>
    <property name="java.vm.vendor" value="Oracle Corporation"/>
    <property name="sun.arch.data.model" value="64"/>
    <property name="user.variant" value=""/>
    <property name="java.vendor.url" value="https://java.oracle.com/"/>
    <property name="user.timezone" value="America/Los_Angeles"/>
    <property name="os.name" value="Windows 11"/>
    <property name="java.vm.specification.version" value="24"/>
    <property name="sun.java.launcher" value="SUN_STANDARD"/>
    <property name="user.country" value="US"/>
    <property name="sun.boot.library.path" value="C:\Program Files\Java\jdk-24\bin"/>
    <property name="sun.java.command" value="C:\Users\brisa\AppData\Local\Temp\surefire815912686316597264\surefirebooter-20250519231048197_3.jar C:\Users\brisa\AppData\Local\Temp\surefire815912686316597264 2025-05-19T23-10-47_785-jvmRun1 surefire-20250519231048197_1tmp surefire_0-20250519231048197_2tmp"/>
    <property name="jdk.debug" value="release"/>
    <property name="surefire.test.class.path" value="C:\Users\brisa\OneDrive\Desktop\myapp\target\test-classes;C:\Users\brisa\OneDrive\Desktop\myapp\target\classes;C:\Users\brisa\.m2\repository\org\junit\jupiter\junit-jupiter-api\5.11.0\junit-jupiter-api-5.11.0.jar;C:\Users\brisa\.m2\repository\org\opentest4j\opentest4j\1.3.0\opentest4j-1.3.0.jar;C:\Users\brisa\.m2\repository\org\junit\platform\junit-platform-commons\1.11.0\junit-platform-commons-1.11.0.jar;C:\Users\brisa\.m2\repository\org\apiguardian\apiguardian-api\1.1.2\apiguardian-api-1.1.2.jar;C:\Users\brisa\.m2\repository\org\junit\jupiter\junit-jupiter-params\5.11.0\junit-jupiter-params-5.11.0.jar;C:\Users\brisa\.m2\repository\org\openjfx\javafx-controls\17\javafx-controls-17.jar;C:\Users\brisa\.m2\repository\org\openjfx\javafx-controls\17\javafx-controls-17-win.jar;C:\Users\brisa\.m2\repository\org\openjfx\javafx-graphics\17\javafx-graphics-17.jar;C:\Users\brisa\.m2\repository\org\openjfx\javafx-graphics\17\javafx-graphics-17-win.jar;C:\Users\brisa\.m2\repository\org\openjfx\javafx-base\17\javafx-base-17.jar;C:\Users\brisa\.m2\repository\org\openjfx\javafx-base\17\javafx-base-17-win.jar;C:\Users\brisa\.m2\repository\org\openjfx\javafx-media\17\javafx-media-17.jar;C:\Users\brisa\.m2\repository\org\openjfx\javafx-media\17\javafx-media-17-win.jar;C:\Users\brisa\.m2\repository\org\junit\jupiter\junit-jupiter-engine\5.11.0\junit-jupiter-engine-5.11.0.jar;C:\Users\brisa\.m2\repository\org\junit\platform\junit-platform-engine\1.11.0\junit-platform-engine-1.11.0.jar;"/>
    <property name="sun.cpu.endian" value="little"/>
    <property name="user.home" value="C:\Users\brisa"/>
    <property name="user.language" value="en"/>
    <property name="java.specification.vendor" value="Oracle Corporation"/>
    <property name="java.version.date" value="2025-04-15"/>
    <property name="java.home" value="C:\Program Files\Java\jdk-24"/>
    <property name="file.separator" value="\"/>
    <property name="basedir" value="C:\Users\brisa\OneDrive\Desktop\myapp"/>
    <property name="java.vm.compressedOopsMode" value="Zero based"/>
    <property name="line.separator" value="&#10;"/>
    <property name="java.vm.specification.vendor" value="Oracle Corporation"/>
    <property name="java.specification.name" value="Java Platform API Specification"/>
    <property name="surefire.real.class.path" value="C:\Users\brisa\AppData\Local\Temp\surefire815912686316597264\surefirebooter-20250519231048197_3.jar"/>
    <property name="user.script" value=""/>
    <property name="sun.management.compiler" value="HotSpot 64-Bit Tiered Compilers"/>
    <property name="java.runtime.version" value="24.0.1+9-30"/>
    <property name="user.name" value="brisa"/>
    <property name="stdout.encoding" value="Cp1252"/>
    <property name="path.separator" value=";"/>
    <property name="os.version" value="10.0"/>
    <property name="java.runtime.name" value="Java(TM) SE Runtime Environment"/>
    <property name="file.encoding" value="UTF-8"/>
    <property name="java.vm.name" value="Java HotSpot(TM) 64-Bit Server VM"/>
    <property name="localRepository" value="C:\Users\brisa\.m2\repository"/>
    <property name="java.vendor.url.bug" value="https://bugreport.java.com/bugreport/"/>
    <property name="java.io.tmpdir" value="C:\Users\brisa\AppData\Local\Temp\"/>
    <property name="java.version" value="24.0.1"/>
    <property name="user.dir" value="C:\Users\brisa\OneDrive\Desktop\myapp"/>
    <property name="os.arch" value="amd64"/>
    <property name="java.vm.specification.name" value="Java Virtual Machine Specification"/>
    <property name="sun.os.patch.level" value=""/>
    <property name="native.encoding" value="Cp1252"/>
    <property name="java.library.path" value="C:\Program Files\Java\jdk-24\bin;C:\WINDOWS\Sun\Java\bin;C:\WINDOWS\system32;C:\WINDOWS;C:\Program Files\Common Files\Oracle\Java\javapath;C:\Program Files (x86)\Common Files\Intel\Shared Libraries\redist\intel64\compiler;C:\windows\system32;C:\windows;C:\windows\System32\Wbem;C:\windows\System32\WindowsPowerShell\v1.0\;C:\windows\System32\OpenSSH\;C:\Program Files\HP\HP One Agent;C:\WINDOWS\system32;C:\WINDOWS;C:\WINDOWS\System32\Wbem;C:\WINDOWS\System32\WindowsPowerShell\v1.0\;C:\WINDOWS\System32\OpenSSH\;C:\Program Files\Git\cmd;C:\Users\brisa\AppData\Local\Microsoft\WindowsApps;C:\Users\brisa\AppData\Local\Programs\Microsoft VS Code\bin;C:\Users\brisa\Downloads\apache-maven-3.9.9-bin\apache-maven-3.9.9\bin;."/>
    <property name="java.vm.info" value="mixed mode, sharing"/>
    <property name="stderr.encoding" value="Cp1252"/>
    <property name="java.vendor" value="Oracle Corporation"/>
    <property name="java.vm.version" value="24.0.1+9-30"/>
    <property name="sun.io.unicode.encoding" value="UnicodeLittle"/>
    <property name="java.class.version" value="68.0"/>
  </properties>
  <testcase name="testStopTimer" classname="com.focusflow.timer.PomodoroTimerTest" time="0.121"/>
  <testcase name="testTimerCompletion" classname="com.focusflow.timer.PomodoroTimerTest" time="1.004"/>
  <testcase name="testPauseTimer" classname="com.focusflow.timer.PomodoroTimerTest" time="0.105"/>
  <testcase name="testResumeTimer" classname="com.focusflow.timer.PomodoroTimerTest" time="0.206"/>
  <testcase name="testTimerTickEvents" classname="com.focusflow.timer.PomodoroTimerTest" time="2.003"/>
  <testcase name="testInitialState" classname="com.focusflow.timer.PomodoroTimerTest" time="0.002"/>
  <testcase name="testTimerTypeChanges" classname="com.focusflow.timer.PomodoroTimerTest" time="0.001"/>
  <testcase name="testResetTimer" classname="com.focusflow.timer.PomodoroTimerTest" time="0.105"/>
  <testcase name="testStartTimer" classname="com.focusflow.timer.PomodoroTimerTest" time="0.002"/>
</testsuite>